[debug] [2025-01-09T11:25:29.476Z] ----------------------------------------------------------------------
[debug] [2025-01-09T11:25:29.479Z] Command:       C:\Program Files\nodejs\node.exe C:\Users\srios\AppData\Roaming\npm\node_modules\firebase-tools\lib\bin\firebase.js deploy --only functions
[debug] [2025-01-09T11:25:29.479Z] CLI Version:   13.29.1
[debug] [2025-01-09T11:25:29.479Z] Platform:      win32
[debug] [2025-01-09T11:25:29.480Z] Node Version:  v22.11.0
[debug] [2025-01-09T11:25:29.480Z] Time:          Thu Jan 09 2025 12:25:29 GMT+0100 (hora est치ndar de Europa central)
[debug] [2025-01-09T11:25:29.480Z] ----------------------------------------------------------------------
[debug] 
[debug] [2025-01-09T11:25:29.543Z] > command requires scopes: ["email","openid","https://www.googleapis.com/auth/cloudplatformprojects.readonly","https://www.googleapis.com/auth/firebase","https://www.googleapis.com/auth/cloud-platform"]
[debug] [2025-01-09T11:25:29.544Z] > authorizing via signed-in user (davidcarmonaarrabal18@gmail.com)
[debug] [2025-01-09T11:25:29.544Z] [iam] checking project davidca-43b02 for permissions ["cloudfunctions.functions.create","cloudfunctions.functions.delete","cloudfunctions.functions.get","cloudfunctions.functions.list","cloudfunctions.functions.update","cloudfunctions.operations.get","firebase.projects.get"]
[debug] [2025-01-09T11:25:29.545Z] Checked if tokens are valid: true, expires at: 1736424376777
[debug] [2025-01-09T11:25:29.545Z] Checked if tokens are valid: true, expires at: 1736424376777
[debug] [2025-01-09T11:25:29.546Z] >>> [apiv2][query] POST https://cloudresourcemanager.googleapis.com/v1/projects/davidca-43b02:testIamPermissions [none]
[debug] [2025-01-09T11:25:29.546Z] >>> [apiv2][(partial)header] POST https://cloudresourcemanager.googleapis.com/v1/projects/davidca-43b02:testIamPermissions x-goog-quota-user=projects/davidca-43b02
[debug] [2025-01-09T11:25:29.546Z] >>> [apiv2][body] POST https://cloudresourcemanager.googleapis.com/v1/projects/davidca-43b02:testIamPermissions {"permissions":["cloudfunctions.functions.create","cloudfunctions.functions.delete","cloudfunctions.functions.get","cloudfunctions.functions.list","cloudfunctions.functions.update","cloudfunctions.operations.get","firebase.projects.get"]}
[debug] [2025-01-09T11:25:30.250Z] <<< [apiv2][status] POST https://cloudresourcemanager.googleapis.com/v1/projects/davidca-43b02:testIamPermissions 200
[debug] [2025-01-09T11:25:30.250Z] <<< [apiv2][body] POST https://cloudresourcemanager.googleapis.com/v1/projects/davidca-43b02:testIamPermissions {"permissions":["cloudfunctions.functions.create","cloudfunctions.functions.delete","cloudfunctions.functions.get","cloudfunctions.functions.list","cloudfunctions.functions.update","cloudfunctions.operations.get","firebase.projects.get"]}
[debug] [2025-01-09T11:25:30.250Z] Checked if tokens are valid: true, expires at: 1736424376777
[debug] [2025-01-09T11:25:30.250Z] Checked if tokens are valid: true, expires at: 1736424376777
[debug] [2025-01-09T11:25:30.251Z] >>> [apiv2][query] POST https://iam.googleapis.com/v1/projects/davidca-43b02/serviceAccounts/davidca-43b02@appspot.gserviceaccount.com:testIamPermissions [none]
[debug] [2025-01-09T11:25:30.251Z] >>> [apiv2][body] POST https://iam.googleapis.com/v1/projects/davidca-43b02/serviceAccounts/davidca-43b02@appspot.gserviceaccount.com:testIamPermissions {"permissions":["iam.serviceAccounts.actAs"]}
[debug] [2025-01-09T11:25:30.894Z] <<< [apiv2][status] POST https://iam.googleapis.com/v1/projects/davidca-43b02/serviceAccounts/davidca-43b02@appspot.gserviceaccount.com:testIamPermissions 200
[debug] [2025-01-09T11:25:30.895Z] <<< [apiv2][body] POST https://iam.googleapis.com/v1/projects/davidca-43b02/serviceAccounts/davidca-43b02@appspot.gserviceaccount.com:testIamPermissions {"permissions":["iam.serviceAccounts.actAs"]}
[info] 
[info] === Deploying to 'davidca-43b02'...
[info] 
[info] i  deploying functions 
[info] +  functions: Finished running predeploy script. 
[debug] [2025-01-09T11:25:30.898Z] Checked if tokens are valid: true, expires at: 1736424376777
[debug] [2025-01-09T11:25:30.898Z] Checked if tokens are valid: true, expires at: 1736424376777
[debug] [2025-01-09T11:25:30.898Z] >>> [apiv2][query] GET https://cloudresourcemanager.googleapis.com/v1/projects/davidca-43b02 [none]
[debug] [2025-01-09T11:25:31.069Z] <<< [apiv2][status] GET https://cloudresourcemanager.googleapis.com/v1/projects/davidca-43b02 200
[debug] [2025-01-09T11:25:31.069Z] <<< [apiv2][body] GET https://cloudresourcemanager.googleapis.com/v1/projects/davidca-43b02 {"projectNumber":"806524625937","projectId":"davidca-43b02","lifecycleState":"ACTIVE","name":"davidca","labels":{"firebase":"enabled","firebase-core":"disabled"},"createTime":"2024-12-26T11:55:22.806488Z"}
[info] i  functions: preparing codebase default for deployment 
[info] i  functions: ensuring required API cloudfunctions.googleapis.com is enabled... 
[debug] [2025-01-09T11:25:31.070Z] Checked if tokens are valid: true, expires at: 1736424376777
[debug] [2025-01-09T11:25:31.071Z] Checked if tokens are valid: true, expires at: 1736424376777
[debug] [2025-01-09T11:25:31.071Z] Checked if tokens are valid: true, expires at: 1736424376777
[debug] [2025-01-09T11:25:31.071Z] Checked if tokens are valid: true, expires at: 1736424376777
[info] i  functions: ensuring required API cloudbuild.googleapis.com is enabled... 
[debug] [2025-01-09T11:25:31.071Z] Checked if tokens are valid: true, expires at: 1736424376777
[debug] [2025-01-09T11:25:31.071Z] Checked if tokens are valid: true, expires at: 1736424376777
[info] i  artifactregistry: ensuring required API artifactregistry.googleapis.com is enabled... 
[debug] [2025-01-09T11:25:31.071Z] Checked if tokens are valid: true, expires at: 1736424376777
[debug] [2025-01-09T11:25:31.071Z] Checked if tokens are valid: true, expires at: 1736424376777
[debug] [2025-01-09T11:25:31.071Z] >>> [apiv2][query] GET https://serviceusage.googleapis.com/v1/projects/davidca-43b02/services/cloudfunctions.googleapis.com [none]
[debug] [2025-01-09T11:25:31.071Z] >>> [apiv2][(partial)header] GET https://serviceusage.googleapis.com/v1/projects/davidca-43b02/services/cloudfunctions.googleapis.com x-goog-quota-user=projects/davidca-43b02
[debug] [2025-01-09T11:25:31.072Z] >>> [apiv2][query] GET https://serviceusage.googleapis.com/v1/projects/davidca-43b02/services/runtimeconfig.googleapis.com [none]
[debug] [2025-01-09T11:25:31.072Z] >>> [apiv2][(partial)header] GET https://serviceusage.googleapis.com/v1/projects/davidca-43b02/services/runtimeconfig.googleapis.com x-goog-quota-user=projects/davidca-43b02
[debug] [2025-01-09T11:25:31.073Z] >>> [apiv2][query] GET https://serviceusage.googleapis.com/v1/projects/davidca-43b02/services/cloudbuild.googleapis.com [none]
[debug] [2025-01-09T11:25:31.073Z] >>> [apiv2][(partial)header] GET https://serviceusage.googleapis.com/v1/projects/davidca-43b02/services/cloudbuild.googleapis.com x-goog-quota-user=projects/davidca-43b02
[debug] [2025-01-09T11:25:31.073Z] >>> [apiv2][query] GET https://serviceusage.googleapis.com/v1/projects/davidca-43b02/services/artifactregistry.googleapis.com [none]
[debug] [2025-01-09T11:25:31.073Z] >>> [apiv2][(partial)header] GET https://serviceusage.googleapis.com/v1/projects/davidca-43b02/services/artifactregistry.googleapis.com x-goog-quota-user=projects/davidca-43b02
[debug] [2025-01-09T11:25:31.475Z] <<< [apiv2][status] GET https://serviceusage.googleapis.com/v1/projects/davidca-43b02/services/cloudfunctions.googleapis.com 200
[debug] [2025-01-09T11:25:31.475Z] <<< [apiv2][body] GET https://serviceusage.googleapis.com/v1/projects/davidca-43b02/services/cloudfunctions.googleapis.com [omitted]
[info] +  functions: required API cloudfunctions.googleapis.com is enabled 
[debug] [2025-01-09T11:25:31.878Z] <<< [apiv2][status] GET https://serviceusage.googleapis.com/v1/projects/davidca-43b02/services/artifactregistry.googleapis.com 200
[debug] [2025-01-09T11:25:31.878Z] <<< [apiv2][body] GET https://serviceusage.googleapis.com/v1/projects/davidca-43b02/services/artifactregistry.googleapis.com [omitted]
[info] +  artifactregistry: required API artifactregistry.googleapis.com is enabled 
[debug] [2025-01-09T11:25:31.891Z] <<< [apiv2][status] GET https://serviceusage.googleapis.com/v1/projects/davidca-43b02/services/runtimeconfig.googleapis.com 200
[debug] [2025-01-09T11:25:31.891Z] <<< [apiv2][body] GET https://serviceusage.googleapis.com/v1/projects/davidca-43b02/services/runtimeconfig.googleapis.com [omitted]
[debug] [2025-01-09T11:25:31.910Z] <<< [apiv2][status] GET https://serviceusage.googleapis.com/v1/projects/davidca-43b02/services/cloudbuild.googleapis.com 200
[debug] [2025-01-09T11:25:31.910Z] <<< [apiv2][body] GET https://serviceusage.googleapis.com/v1/projects/davidca-43b02/services/cloudbuild.googleapis.com [omitted]
[info] +  functions: required API cloudbuild.googleapis.com is enabled 
[debug] [2025-01-09T11:25:31.910Z] Checked if tokens are valid: true, expires at: 1736424376777
[debug] [2025-01-09T11:25:31.910Z] Checked if tokens are valid: true, expires at: 1736424376777
[debug] [2025-01-09T11:25:31.910Z] >>> [apiv2][query] GET https://firebase.googleapis.com/v1beta1/projects/davidca-43b02/adminSdkConfig [none]
[debug] [2025-01-09T11:25:32.241Z] <<< [apiv2][status] GET https://firebase.googleapis.com/v1beta1/projects/davidca-43b02/adminSdkConfig 200
[debug] [2025-01-09T11:25:32.241Z] <<< [apiv2][body] GET https://firebase.googleapis.com/v1beta1/projects/davidca-43b02/adminSdkConfig {"projectId":"davidca-43b02","storageBucket":"davidca-43b02.firebasestorage.app"}
[debug] [2025-01-09T11:25:32.241Z] Checked if tokens are valid: true, expires at: 1736424376777
[debug] [2025-01-09T11:25:32.241Z] Checked if tokens are valid: true, expires at: 1736424376777
[debug] [2025-01-09T11:25:32.242Z] >>> [apiv2][query] GET https://runtimeconfig.googleapis.com/v1beta1/projects/davidca-43b02/configs [none]
[debug] [2025-01-09T11:25:32.503Z] <<< [apiv2][status] GET https://runtimeconfig.googleapis.com/v1beta1/projects/davidca-43b02/configs 200
[debug] [2025-01-09T11:25:32.503Z] <<< [apiv2][body] GET https://runtimeconfig.googleapis.com/v1beta1/projects/davidca-43b02/configs {"configs":[{"name":"projects/davidca-43b02/configs/sendgrid"}]}
[debug] [2025-01-09T11:25:32.503Z] Checked if tokens are valid: true, expires at: 1736424376777
[debug] [2025-01-09T11:25:32.503Z] Checked if tokens are valid: true, expires at: 1736424376777
[debug] [2025-01-09T11:25:32.503Z] >>> [apiv2][query] GET https://runtimeconfig.googleapis.com/v1beta1/projects/davidca-43b02/configs/sendgrid/variables [none]
[debug] [2025-01-09T11:25:32.707Z] <<< [apiv2][status] GET https://runtimeconfig.googleapis.com/v1beta1/projects/davidca-43b02/configs/sendgrid/variables 200
[debug] [2025-01-09T11:25:32.707Z] <<< [apiv2][body] GET https://runtimeconfig.googleapis.com/v1beta1/projects/davidca-43b02/configs/sendgrid/variables {"variables":[{"name":"projects/davidca-43b02/configs/sendgrid/variables/apikey","updateTime":"2025-01-09T11:08:42.893235893Z"}]}
[debug] [2025-01-09T11:25:32.707Z] Checked if tokens are valid: true, expires at: 1736424376777
[debug] [2025-01-09T11:25:32.707Z] Checked if tokens are valid: true, expires at: 1736424376777
[debug] [2025-01-09T11:25:32.707Z] >>> [apiv2][query] GET https://runtimeconfig.googleapis.com/v1beta1/projects/davidca-43b02/configs/sendgrid/variables/apikey [none]
[debug] [2025-01-09T11:25:32.918Z] <<< [apiv2][status] GET https://runtimeconfig.googleapis.com/v1beta1/projects/davidca-43b02/configs/sendgrid/variables/apikey 200
[debug] [2025-01-09T11:25:32.919Z] <<< [apiv2][body] GET https://runtimeconfig.googleapis.com/v1beta1/projects/davidca-43b02/configs/sendgrid/variables/apikey {"name":"projects/davidca-43b02/configs/sendgrid/variables/apikey","updateTime":"2025-01-09T11:08:42.893235893Z","text":"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"}
[debug] [2025-01-09T11:25:32.922Z] Validating nodejs source
[debug] [2025-01-09T11:25:37.348Z] > [functions] package.json contents: {
  "name": "functions",
  "scripts": {
    "lint": "eslint --ext .js,.ts .",
    "build": "tsc",
    "build:watch": "tsc --watch",
    "serve": "npm run build && firebase emulators:start --only functions",
    "shell": "npm run build && firebase functions:shell",
    "start": "npm run shell",
    "deploy": "firebase deploy --only functions",
    "logs": "firebase functions:log"
  },
  "engines": {
    "node": "22"
  },
  "main": "lib/index.js",
  "dependencies": {
    "@sendgrid/mail": "^8.1.4",
    "@types/express": "^5.0.0",
    "express": "^4.21.2",
    "firebase-admin": "^12.6.0",
    "firebase-functions": "^6.0.1"
  },
  "devDependencies": {
    "@typescript-eslint/eslint-plugin": "^5.12.0",
    "@typescript-eslint/parser": "^5.12.0",
    "eslint": "^8.9.0",
    "eslint-config-google": "^0.14.0",
    "eslint-plugin-import": "^2.25.4",
    "firebase-functions-test": "^3.1.0",
    "typescript": "^4.9.0"
  },
  "private": true
}
[debug] [2025-01-09T11:25:37.348Z] Building nodejs source
[info] i  functions: Loading and analyzing source code for codebase default to determine what to deploy 
[debug] [2025-01-09T11:25:37.350Z] Could not find functions.yaml. Must use http discovery
[debug] [2025-01-09T11:25:37.360Z] Found firebase-functions binary at 'F:\Escritorio\Cosas\my-mechanical-keyboards-portfolio\functions\node_modules\.bin\firebase-functions'
[info] Serving at port 8452

[error] node:events:496
      throw er; // Unhandled 'error' event
      ^

Error: listen EADDRINUSE: address already in use :::8452
    at Server.setupListenHandle [as _listen2] (node:net:1907:16)
    at listenInCluster (node:net:1964:12)
    at Server.listen (node:net:2066:7)
    at Function.listen (F:\Escritorio\Cosas\my-mechanical-keyboards-portfolio\functions\node_modules\express\lib\application.js:635:24)
    at Object.<anonymous> (F:\Escritorio\Cosas\my-mechanical-keyboards-portfolio\functions\lib\index.js:66:5)
    at Module._compile (node:internal/modules/cjs/loader:1546:14)
    at Object..js (node:internal/modules/cjs/loader:1689:10)
    at Module.load (node:internal/modules/cjs/loader:1318:32)
    at Function._load (node:internal/modules/cjs/loader:1128:12)
    at TracingChannel.traceSync (node:diagnostics_channel:315:14)
Emitted 'error' event on Server instance at:
    at emitErrorNT (node:net:1943:8)
    at process.processTicksAndRejections (node:internal/process/task_queues:90:21) {
  code: 'EADDRINUSE',
  errno: -4091,
  syscall: 'listen',
  address: '::',
  port: 8452
}

Node.js v22.11.0

[debug] [2025-01-09T11:25:42.123Z] Failed to call quitquitquit. This often means the server failed to start request to http://localhost:8452/__/quitquitquit failed, reason:  {"message":"request to http://localhost:8452/__/quitquitquit failed, reason: ","type":"system","errno":"ECONNREFUSED","code":"ECONNREFUSED"}
[debug] [2025-01-09T11:25:42.249Z] FetchError: request to http://127.0.0.1:8452/__/functions.yaml failed, reason: read ECONNRESET
    at ClientRequest.<anonymous> (C:\Users\srios\AppData\Roaming\npm\node_modules\firebase-tools\node_modules\node-fetch\lib\index.js:1501:11)
    at ClientRequest.emit (node:events:518:28)
    at ClientRequest.emit (node:domain:489:12)
    at emitErrorEvent (node:_http_client:103:11)
    at Socket.socketErrorListener (node:_http_client:506:5)
    at Socket.emit (node:events:518:28)
    at Socket.emit (node:domain:489:12)
    at emitErrorNT (node:internal/streams/destroy:170:8)
    at emitErrorCloseNT (node:internal/streams/destroy:129:3)
    at process.processTicksAndRejections (node:internal/process/task_queues:90:21)
[error] 
[error] Error: An unexpected error has occurred.
[debug] [2025-01-09T11:27:13.216Z] ----------------------------------------------------------------------
[debug] [2025-01-09T11:27:13.220Z] Command:       C:\Program Files\nodejs\node.exe C:\Users\srios\AppData\Roaming\npm\node_modules\firebase-tools\lib\bin\firebase.js deploy --only functions
[debug] [2025-01-09T11:27:13.221Z] CLI Version:   13.29.1
[debug] [2025-01-09T11:27:13.221Z] Platform:      win32
[debug] [2025-01-09T11:27:13.221Z] Node Version:  v22.11.0
[debug] [2025-01-09T11:27:13.221Z] Time:          Thu Jan 09 2025 12:27:13 GMT+0100 (hora est치ndar de Europa central)
[debug] [2025-01-09T11:27:13.221Z] ----------------------------------------------------------------------
[debug] 
[debug] [2025-01-09T11:27:13.299Z] > command requires scopes: ["email","openid","https://www.googleapis.com/auth/cloudplatformprojects.readonly","https://www.googleapis.com/auth/firebase","https://www.googleapis.com/auth/cloud-platform"]
[debug] [2025-01-09T11:27:13.300Z] > authorizing via signed-in user (davidcarmonaarrabal18@gmail.com)
[debug] [2025-01-09T11:27:13.300Z] [iam] checking project davidca-43b02 for permissions ["cloudfunctions.functions.create","cloudfunctions.functions.delete","cloudfunctions.functions.get","cloudfunctions.functions.list","cloudfunctions.functions.update","cloudfunctions.operations.get","firebase.projects.get"]
[debug] [2025-01-09T11:27:13.301Z] Checked if tokens are valid: true, expires at: 1736424376777
[debug] [2025-01-09T11:27:13.301Z] Checked if tokens are valid: true, expires at: 1736424376777
[debug] [2025-01-09T11:27:13.302Z] >>> [apiv2][query] POST https://cloudresourcemanager.googleapis.com/v1/projects/davidca-43b02:testIamPermissions [none]
[debug] [2025-01-09T11:27:13.302Z] >>> [apiv2][(partial)header] POST https://cloudresourcemanager.googleapis.com/v1/projects/davidca-43b02:testIamPermissions x-goog-quota-user=projects/davidca-43b02
[debug] [2025-01-09T11:27:13.302Z] >>> [apiv2][body] POST https://cloudresourcemanager.googleapis.com/v1/projects/davidca-43b02:testIamPermissions {"permissions":["cloudfunctions.functions.create","cloudfunctions.functions.delete","cloudfunctions.functions.get","cloudfunctions.functions.list","cloudfunctions.functions.update","cloudfunctions.operations.get","firebase.projects.get"]}
[debug] [2025-01-09T11:27:14.000Z] <<< [apiv2][status] POST https://cloudresourcemanager.googleapis.com/v1/projects/davidca-43b02:testIamPermissions 200
[debug] [2025-01-09T11:27:14.000Z] <<< [apiv2][body] POST https://cloudresourcemanager.googleapis.com/v1/projects/davidca-43b02:testIamPermissions {"permissions":["cloudfunctions.functions.create","cloudfunctions.functions.delete","cloudfunctions.functions.get","cloudfunctions.functions.list","cloudfunctions.functions.update","cloudfunctions.operations.get","firebase.projects.get"]}
[debug] [2025-01-09T11:27:14.000Z] Checked if tokens are valid: true, expires at: 1736424376777
[debug] [2025-01-09T11:27:14.000Z] Checked if tokens are valid: true, expires at: 1736424376777
[debug] [2025-01-09T11:27:14.000Z] >>> [apiv2][query] POST https://iam.googleapis.com/v1/projects/davidca-43b02/serviceAccounts/davidca-43b02@appspot.gserviceaccount.com:testIamPermissions [none]
[debug] [2025-01-09T11:27:14.000Z] >>> [apiv2][body] POST https://iam.googleapis.com/v1/projects/davidca-43b02/serviceAccounts/davidca-43b02@appspot.gserviceaccount.com:testIamPermissions {"permissions":["iam.serviceAccounts.actAs"]}
[debug] [2025-01-09T11:27:14.651Z] <<< [apiv2][status] POST https://iam.googleapis.com/v1/projects/davidca-43b02/serviceAccounts/davidca-43b02@appspot.gserviceaccount.com:testIamPermissions 200
[debug] [2025-01-09T11:27:14.651Z] <<< [apiv2][body] POST https://iam.googleapis.com/v1/projects/davidca-43b02/serviceAccounts/davidca-43b02@appspot.gserviceaccount.com:testIamPermissions {"permissions":["iam.serviceAccounts.actAs"]}
[info] 
[info] === Deploying to 'davidca-43b02'...
[info] 
[info] i  deploying functions 
[info] +  functions: Finished running predeploy script. 
[debug] [2025-01-09T11:27:14.654Z] Checked if tokens are valid: true, expires at: 1736424376777
[debug] [2025-01-09T11:27:14.655Z] Checked if tokens are valid: true, expires at: 1736424376777
[debug] [2025-01-09T11:27:14.655Z] >>> [apiv2][query] GET https://cloudresourcemanager.googleapis.com/v1/projects/davidca-43b02 [none]
[debug] [2025-01-09T11:27:14.821Z] <<< [apiv2][status] GET https://cloudresourcemanager.googleapis.com/v1/projects/davidca-43b02 200
[debug] [2025-01-09T11:27:14.821Z] <<< [apiv2][body] GET https://cloudresourcemanager.googleapis.com/v1/projects/davidca-43b02 {"projectNumber":"806524625937","projectId":"davidca-43b02","lifecycleState":"ACTIVE","name":"davidca","labels":{"firebase":"enabled","firebase-core":"disabled"},"createTime":"2024-12-26T11:55:22.806488Z"}
[info] i  functions: preparing codebase default for deployment 
[info] i  functions: ensuring required API cloudfunctions.googleapis.com is enabled... 
[debug] [2025-01-09T11:27:14.822Z] Checked if tokens are valid: true, expires at: 1736424376777
[debug] [2025-01-09T11:27:14.822Z] Checked if tokens are valid: true, expires at: 1736424376777
[debug] [2025-01-09T11:27:14.823Z] Checked if tokens are valid: true, expires at: 1736424376777
[debug] [2025-01-09T11:27:14.823Z] Checked if tokens are valid: true, expires at: 1736424376777
[info] i  functions: ensuring required API cloudbuild.googleapis.com is enabled... 
[debug] [2025-01-09T11:27:14.823Z] Checked if tokens are valid: true, expires at: 1736424376777
[debug] [2025-01-09T11:27:14.823Z] Checked if tokens are valid: true, expires at: 1736424376777
[info] i  artifactregistry: ensuring required API artifactregistry.googleapis.com is enabled... 
[debug] [2025-01-09T11:27:14.823Z] Checked if tokens are valid: true, expires at: 1736424376777
[debug] [2025-01-09T11:27:14.823Z] Checked if tokens are valid: true, expires at: 1736424376777
[debug] [2025-01-09T11:27:14.823Z] >>> [apiv2][query] GET https://serviceusage.googleapis.com/v1/projects/davidca-43b02/services/cloudfunctions.googleapis.com [none]
[debug] [2025-01-09T11:27:14.823Z] >>> [apiv2][(partial)header] GET https://serviceusage.googleapis.com/v1/projects/davidca-43b02/services/cloudfunctions.googleapis.com x-goog-quota-user=projects/davidca-43b02
[debug] [2025-01-09T11:27:14.824Z] >>> [apiv2][query] GET https://serviceusage.googleapis.com/v1/projects/davidca-43b02/services/runtimeconfig.googleapis.com [none]
[debug] [2025-01-09T11:27:14.824Z] >>> [apiv2][(partial)header] GET https://serviceusage.googleapis.com/v1/projects/davidca-43b02/services/runtimeconfig.googleapis.com x-goog-quota-user=projects/davidca-43b02
[debug] [2025-01-09T11:27:14.825Z] >>> [apiv2][query] GET https://serviceusage.googleapis.com/v1/projects/davidca-43b02/services/cloudbuild.googleapis.com [none]
[debug] [2025-01-09T11:27:14.825Z] >>> [apiv2][(partial)header] GET https://serviceusage.googleapis.com/v1/projects/davidca-43b02/services/cloudbuild.googleapis.com x-goog-quota-user=projects/davidca-43b02
[debug] [2025-01-09T11:27:14.825Z] >>> [apiv2][query] GET https://serviceusage.googleapis.com/v1/projects/davidca-43b02/services/artifactregistry.googleapis.com [none]
[debug] [2025-01-09T11:27:14.826Z] >>> [apiv2][(partial)header] GET https://serviceusage.googleapis.com/v1/projects/davidca-43b02/services/artifactregistry.googleapis.com x-goog-quota-user=projects/davidca-43b02
[debug] [2025-01-09T11:27:15.654Z] <<< [apiv2][status] GET https://serviceusage.googleapis.com/v1/projects/davidca-43b02/services/runtimeconfig.googleapis.com 200
[debug] [2025-01-09T11:27:15.654Z] <<< [apiv2][body] GET https://serviceusage.googleapis.com/v1/projects/davidca-43b02/services/runtimeconfig.googleapis.com [omitted]
[debug] [2025-01-09T11:27:15.690Z] <<< [apiv2][status] GET https://serviceusage.googleapis.com/v1/projects/davidca-43b02/services/cloudbuild.googleapis.com 200
[debug] [2025-01-09T11:27:15.690Z] <<< [apiv2][body] GET https://serviceusage.googleapis.com/v1/projects/davidca-43b02/services/cloudbuild.googleapis.com [omitted]
[info] +  functions: required API cloudbuild.googleapis.com is enabled 
[debug] [2025-01-09T11:27:15.704Z] <<< [apiv2][status] GET https://serviceusage.googleapis.com/v1/projects/davidca-43b02/services/artifactregistry.googleapis.com 200
[debug] [2025-01-09T11:27:15.705Z] <<< [apiv2][body] GET https://serviceusage.googleapis.com/v1/projects/davidca-43b02/services/artifactregistry.googleapis.com [omitted]
[info] +  artifactregistry: required API artifactregistry.googleapis.com is enabled 
[debug] [2025-01-09T11:27:15.719Z] <<< [apiv2][status] GET https://serviceusage.googleapis.com/v1/projects/davidca-43b02/services/cloudfunctions.googleapis.com 200
[debug] [2025-01-09T11:27:15.719Z] <<< [apiv2][body] GET https://serviceusage.googleapis.com/v1/projects/davidca-43b02/services/cloudfunctions.googleapis.com [omitted]
[info] +  functions: required API cloudfunctions.googleapis.com is enabled 
[debug] [2025-01-09T11:27:15.720Z] Checked if tokens are valid: true, expires at: 1736424376777
[debug] [2025-01-09T11:27:15.720Z] Checked if tokens are valid: true, expires at: 1736424376777
[debug] [2025-01-09T11:27:15.720Z] >>> [apiv2][query] GET https://firebase.googleapis.com/v1beta1/projects/davidca-43b02/adminSdkConfig [none]
[debug] [2025-01-09T11:27:16.037Z] <<< [apiv2][status] GET https://firebase.googleapis.com/v1beta1/projects/davidca-43b02/adminSdkConfig 200
[debug] [2025-01-09T11:27:16.037Z] <<< [apiv2][body] GET https://firebase.googleapis.com/v1beta1/projects/davidca-43b02/adminSdkConfig {"projectId":"davidca-43b02","storageBucket":"davidca-43b02.firebasestorage.app"}
[debug] [2025-01-09T11:27:16.037Z] Checked if tokens are valid: true, expires at: 1736424376777
[debug] [2025-01-09T11:27:16.037Z] Checked if tokens are valid: true, expires at: 1736424376777
[debug] [2025-01-09T11:27:16.037Z] >>> [apiv2][query] GET https://runtimeconfig.googleapis.com/v1beta1/projects/davidca-43b02/configs [none]
[debug] [2025-01-09T11:27:16.300Z] <<< [apiv2][status] GET https://runtimeconfig.googleapis.com/v1beta1/projects/davidca-43b02/configs 200
[debug] [2025-01-09T11:27:16.300Z] <<< [apiv2][body] GET https://runtimeconfig.googleapis.com/v1beta1/projects/davidca-43b02/configs {"configs":[{"name":"projects/davidca-43b02/configs/sendgrid"}]}
[debug] [2025-01-09T11:27:16.301Z] Checked if tokens are valid: true, expires at: 1736424376777
[debug] [2025-01-09T11:27:16.301Z] Checked if tokens are valid: true, expires at: 1736424376777
[debug] [2025-01-09T11:27:16.301Z] >>> [apiv2][query] GET https://runtimeconfig.googleapis.com/v1beta1/projects/davidca-43b02/configs/sendgrid/variables [none]
[debug] [2025-01-09T11:27:16.506Z] <<< [apiv2][status] GET https://runtimeconfig.googleapis.com/v1beta1/projects/davidca-43b02/configs/sendgrid/variables 200
[debug] [2025-01-09T11:27:16.506Z] <<< [apiv2][body] GET https://runtimeconfig.googleapis.com/v1beta1/projects/davidca-43b02/configs/sendgrid/variables {"variables":[{"name":"projects/davidca-43b02/configs/sendgrid/variables/apikey","updateTime":"2025-01-09T11:08:42.893235893Z"}]}
[debug] [2025-01-09T11:27:16.506Z] Checked if tokens are valid: true, expires at: 1736424376777
[debug] [2025-01-09T11:27:16.506Z] Checked if tokens are valid: true, expires at: 1736424376777
[debug] [2025-01-09T11:27:16.507Z] >>> [apiv2][query] GET https://runtimeconfig.googleapis.com/v1beta1/projects/davidca-43b02/configs/sendgrid/variables/apikey [none]
[debug] [2025-01-09T11:27:16.785Z] <<< [apiv2][status] GET https://runtimeconfig.googleapis.com/v1beta1/projects/davidca-43b02/configs/sendgrid/variables/apikey 200
[debug] [2025-01-09T11:27:16.785Z] <<< [apiv2][body] GET https://runtimeconfig.googleapis.com/v1beta1/projects/davidca-43b02/configs/sendgrid/variables/apikey {"name":"projects/davidca-43b02/configs/sendgrid/variables/apikey","updateTime":"2025-01-09T11:08:42.893235893Z","text":"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"}
[debug] [2025-01-09T11:27:16.790Z] Validating nodejs source
[debug] [2025-01-09T11:27:20.804Z] > [functions] package.json contents: {
  "name": "functions",
  "scripts": {
    "lint": "eslint --ext .js,.ts .",
    "build": "tsc",
    "build:watch": "tsc --watch",
    "serve": "npm run build && firebase emulators:start --only functions",
    "shell": "npm run build && firebase functions:shell",
    "start": "npm run shell",
    "deploy": "firebase deploy --only functions",
    "logs": "firebase functions:log"
  },
  "engines": {
    "node": "22"
  },
  "main": "lib/index.js",
  "dependencies": {
    "@sendgrid/mail": "^8.1.4",
    "@types/express": "^5.0.0",
    "express": "^4.21.2",
    "firebase-admin": "^12.6.0",
    "firebase-functions": "^6.0.1"
  },
  "devDependencies": {
    "@typescript-eslint/eslint-plugin": "^5.12.0",
    "@typescript-eslint/parser": "^5.12.0",
    "eslint": "^8.9.0",
    "eslint-config-google": "^0.14.0",
    "eslint-plugin-import": "^2.25.4",
    "firebase-functions-test": "^3.1.0",
    "typescript": "^4.9.0"
  },
  "private": true
}
[debug] [2025-01-09T11:27:20.804Z] Building nodejs source
[info] i  functions: Loading and analyzing source code for codebase default to determine what to deploy 
[debug] [2025-01-09T11:27:20.805Z] Could not find functions.yaml. Must use http discovery
[debug] [2025-01-09T11:27:20.815Z] Found firebase-functions binary at 'F:\Escritorio\Cosas\my-mechanical-keyboards-portfolio\functions\node_modules\.bin\firebase-functions'
[info] Serving at port 8307

[error] node:events:496
      throw er; // Unhandled 'error' event
      ^

Error: listen EADDRINUSE: address already in use :::8307
    at Server.setupListenHandle [as _listen2] (node:net:1907:16)
    at listenInCluster (node:net:1964:12)
    at Server.listen (node:net:2066:7)
    at Function.listen (F:\Escritorio\Cosas\my-mechanical-keyboards-portfolio\functions\node_modules\express\lib\application.js:635:24)
    at Object.<anonymous> (F:\Escritorio\Cosas\my-mechanical-keyboards-portfolio\functions\lib\index.js:66:5)
    at Module._compile (node:internal/modules/cjs/loader:1546:14)
    at Object..js (node:internal/modules/cjs/loader:1689:10)
    at Module.load (node:internal/modules/cjs/loader:1318:32)
    at Function._load (node:internal/modules/cjs/loader:1128:12)
    at TracingChannel.traceSync (node:diagnostics_channel:315:14)
Emitted 'error' event on Server instance at:
    at emitErrorNT (node:net:1943:8)
    at process.processTicksAndRejections (node:internal/process/task_queues:90:21) {
  code: 'EADDRINUSE',
  errno: -4091,
  syscall: 'listen',
  address: '::',
  port: 8307
}

Node.js v22.11.0

[debug] [2025-01-09T11:27:23.789Z] Failed to call quitquitquit. This often means the server failed to start request to http://localhost:8307/__/quitquitquit failed, reason:  {"message":"request to http://localhost:8307/__/quitquitquit failed, reason: ","type":"system","errno":"ECONNREFUSED","code":"ECONNREFUSED"}
[debug] [2025-01-09T11:27:23.902Z] FetchError: request to http://127.0.0.1:8307/__/functions.yaml failed, reason: read ECONNRESET
    at ClientRequest.<anonymous> (C:\Users\srios\AppData\Roaming\npm\node_modules\firebase-tools\node_modules\node-fetch\lib\index.js:1501:11)
    at ClientRequest.emit (node:events:518:28)
    at ClientRequest.emit (node:domain:489:12)
    at emitErrorEvent (node:_http_client:103:11)
    at Socket.socketErrorListener (node:_http_client:506:5)
    at Socket.emit (node:events:518:28)
    at Socket.emit (node:domain:489:12)
    at emitErrorNT (node:internal/streams/destroy:170:8)
    at emitErrorCloseNT (node:internal/streams/destroy:129:3)
    at process.processTicksAndRejections (node:internal/process/task_queues:90:21)
[error] 
[error] Error: An unexpected error has occurred.
[debug] [2025-01-09T11:28:04.497Z] ----------------------------------------------------------------------
[debug] [2025-01-09T11:28:04.501Z] Command:       C:\Program Files\nodejs\node.exe C:\Users\srios\AppData\Roaming\npm\node_modules\firebase-tools\lib\bin\firebase.js deploy --only functions
[debug] [2025-01-09T11:28:04.501Z] CLI Version:   13.29.1
[debug] [2025-01-09T11:28:04.501Z] Platform:      win32
[debug] [2025-01-09T11:28:04.501Z] Node Version:  v22.11.0
[debug] [2025-01-09T11:28:04.502Z] Time:          Thu Jan 09 2025 12:28:04 GMT+0100 (hora est치ndar de Europa central)
[debug] [2025-01-09T11:28:04.502Z] ----------------------------------------------------------------------
[debug] 
[debug] [2025-01-09T11:28:04.562Z] > command requires scopes: ["email","openid","https://www.googleapis.com/auth/cloudplatformprojects.readonly","https://www.googleapis.com/auth/firebase","https://www.googleapis.com/auth/cloud-platform"]
[debug] [2025-01-09T11:28:04.562Z] > authorizing via signed-in user (davidcarmonaarrabal18@gmail.com)
[debug] [2025-01-09T11:28:04.562Z] [iam] checking project davidca-43b02 for permissions ["cloudfunctions.functions.create","cloudfunctions.functions.delete","cloudfunctions.functions.get","cloudfunctions.functions.list","cloudfunctions.functions.update","cloudfunctions.operations.get","firebase.projects.get"]
[debug] [2025-01-09T11:28:04.564Z] Checked if tokens are valid: true, expires at: 1736424376777
[debug] [2025-01-09T11:28:04.564Z] Checked if tokens are valid: true, expires at: 1736424376777
[debug] [2025-01-09T11:28:04.564Z] >>> [apiv2][query] POST https://cloudresourcemanager.googleapis.com/v1/projects/davidca-43b02:testIamPermissions [none]
[debug] [2025-01-09T11:28:04.564Z] >>> [apiv2][(partial)header] POST https://cloudresourcemanager.googleapis.com/v1/projects/davidca-43b02:testIamPermissions x-goog-quota-user=projects/davidca-43b02
[debug] [2025-01-09T11:28:04.565Z] >>> [apiv2][body] POST https://cloudresourcemanager.googleapis.com/v1/projects/davidca-43b02:testIamPermissions {"permissions":["cloudfunctions.functions.create","cloudfunctions.functions.delete","cloudfunctions.functions.get","cloudfunctions.functions.list","cloudfunctions.functions.update","cloudfunctions.operations.get","firebase.projects.get"]}
[debug] [2025-01-09T11:28:05.298Z] <<< [apiv2][status] POST https://cloudresourcemanager.googleapis.com/v1/projects/davidca-43b02:testIamPermissions 200
[debug] [2025-01-09T11:28:05.299Z] <<< [apiv2][body] POST https://cloudresourcemanager.googleapis.com/v1/projects/davidca-43b02:testIamPermissions {"permissions":["cloudfunctions.functions.create","cloudfunctions.functions.delete","cloudfunctions.functions.get","cloudfunctions.functions.list","cloudfunctions.functions.update","cloudfunctions.operations.get","firebase.projects.get"]}
[debug] [2025-01-09T11:28:05.299Z] Checked if tokens are valid: true, expires at: 1736424376777
[debug] [2025-01-09T11:28:05.299Z] Checked if tokens are valid: true, expires at: 1736424376777
[debug] [2025-01-09T11:28:05.299Z] >>> [apiv2][query] POST https://iam.googleapis.com/v1/projects/davidca-43b02/serviceAccounts/davidca-43b02@appspot.gserviceaccount.com:testIamPermissions [none]
[debug] [2025-01-09T11:28:05.299Z] >>> [apiv2][body] POST https://iam.googleapis.com/v1/projects/davidca-43b02/serviceAccounts/davidca-43b02@appspot.gserviceaccount.com:testIamPermissions {"permissions":["iam.serviceAccounts.actAs"]}
[debug] [2025-01-09T11:28:05.997Z] <<< [apiv2][status] POST https://iam.googleapis.com/v1/projects/davidca-43b02/serviceAccounts/davidca-43b02@appspot.gserviceaccount.com:testIamPermissions 200
[debug] [2025-01-09T11:28:05.997Z] <<< [apiv2][body] POST https://iam.googleapis.com/v1/projects/davidca-43b02/serviceAccounts/davidca-43b02@appspot.gserviceaccount.com:testIamPermissions {"permissions":["iam.serviceAccounts.actAs"]}
[info] 
[info] === Deploying to 'davidca-43b02'...
[info] 
[info] i  deploying functions 
[info] +  functions: Finished running predeploy script. 
[debug] [2025-01-09T11:28:06.005Z] Checked if tokens are valid: true, expires at: 1736424376777
[debug] [2025-01-09T11:28:06.006Z] Checked if tokens are valid: true, expires at: 1736424376777
[debug] [2025-01-09T11:28:06.006Z] >>> [apiv2][query] GET https://cloudresourcemanager.googleapis.com/v1/projects/davidca-43b02 [none]
[debug] [2025-01-09T11:28:06.183Z] <<< [apiv2][status] GET https://cloudresourcemanager.googleapis.com/v1/projects/davidca-43b02 200
[debug] [2025-01-09T11:28:06.183Z] <<< [apiv2][body] GET https://cloudresourcemanager.googleapis.com/v1/projects/davidca-43b02 {"projectNumber":"806524625937","projectId":"davidca-43b02","lifecycleState":"ACTIVE","name":"davidca","labels":{"firebase":"enabled","firebase-core":"disabled"},"createTime":"2024-12-26T11:55:22.806488Z"}
[info] i  functions: preparing codebase default for deployment 
[info] i  functions: ensuring required API cloudfunctions.googleapis.com is enabled... 
[debug] [2025-01-09T11:28:06.185Z] Checked if tokens are valid: true, expires at: 1736424376777
[debug] [2025-01-09T11:28:06.185Z] Checked if tokens are valid: true, expires at: 1736424376777
[debug] [2025-01-09T11:28:06.185Z] Checked if tokens are valid: true, expires at: 1736424376777
[debug] [2025-01-09T11:28:06.185Z] Checked if tokens are valid: true, expires at: 1736424376777
[info] i  functions: ensuring required API cloudbuild.googleapis.com is enabled... 
[debug] [2025-01-09T11:28:06.186Z] Checked if tokens are valid: true, expires at: 1736424376777
[debug] [2025-01-09T11:28:06.186Z] Checked if tokens are valid: true, expires at: 1736424376777
[info] i  artifactregistry: ensuring required API artifactregistry.googleapis.com is enabled... 
[debug] [2025-01-09T11:28:06.186Z] Checked if tokens are valid: true, expires at: 1736424376777
[debug] [2025-01-09T11:28:06.186Z] Checked if tokens are valid: true, expires at: 1736424376777
[debug] [2025-01-09T11:28:06.187Z] >>> [apiv2][query] GET https://serviceusage.googleapis.com/v1/projects/davidca-43b02/services/cloudfunctions.googleapis.com [none]
[debug] [2025-01-09T11:28:06.187Z] >>> [apiv2][(partial)header] GET https://serviceusage.googleapis.com/v1/projects/davidca-43b02/services/cloudfunctions.googleapis.com x-goog-quota-user=projects/davidca-43b02
[debug] [2025-01-09T11:28:06.188Z] >>> [apiv2][query] GET https://serviceusage.googleapis.com/v1/projects/davidca-43b02/services/runtimeconfig.googleapis.com [none]
[debug] [2025-01-09T11:28:06.188Z] >>> [apiv2][(partial)header] GET https://serviceusage.googleapis.com/v1/projects/davidca-43b02/services/runtimeconfig.googleapis.com x-goog-quota-user=projects/davidca-43b02
[debug] [2025-01-09T11:28:06.189Z] >>> [apiv2][query] GET https://serviceusage.googleapis.com/v1/projects/davidca-43b02/services/cloudbuild.googleapis.com [none]
[debug] [2025-01-09T11:28:06.189Z] >>> [apiv2][(partial)header] GET https://serviceusage.googleapis.com/v1/projects/davidca-43b02/services/cloudbuild.googleapis.com x-goog-quota-user=projects/davidca-43b02
[debug] [2025-01-09T11:28:06.190Z] >>> [apiv2][query] GET https://serviceusage.googleapis.com/v1/projects/davidca-43b02/services/artifactregistry.googleapis.com [none]
[debug] [2025-01-09T11:28:06.190Z] >>> [apiv2][(partial)header] GET https://serviceusage.googleapis.com/v1/projects/davidca-43b02/services/artifactregistry.googleapis.com x-goog-quota-user=projects/davidca-43b02
[debug] [2025-01-09T11:28:07.032Z] <<< [apiv2][status] GET https://serviceusage.googleapis.com/v1/projects/davidca-43b02/services/runtimeconfig.googleapis.com 200
[debug] [2025-01-09T11:28:07.032Z] <<< [apiv2][body] GET https://serviceusage.googleapis.com/v1/projects/davidca-43b02/services/runtimeconfig.googleapis.com [omitted]
[debug] [2025-01-09T11:28:07.054Z] <<< [apiv2][status] GET https://serviceusage.googleapis.com/v1/projects/davidca-43b02/services/artifactregistry.googleapis.com 200
[debug] [2025-01-09T11:28:07.054Z] <<< [apiv2][body] GET https://serviceusage.googleapis.com/v1/projects/davidca-43b02/services/artifactregistry.googleapis.com [omitted]
[info] +  artifactregistry: required API artifactregistry.googleapis.com is enabled 
[debug] [2025-01-09T11:28:07.070Z] <<< [apiv2][status] GET https://serviceusage.googleapis.com/v1/projects/davidca-43b02/services/cloudbuild.googleapis.com 200
[debug] [2025-01-09T11:28:07.070Z] <<< [apiv2][body] GET https://serviceusage.googleapis.com/v1/projects/davidca-43b02/services/cloudbuild.googleapis.com [omitted]
[info] +  functions: required API cloudbuild.googleapis.com is enabled 
[debug] [2025-01-09T11:28:07.205Z] <<< [apiv2][status] GET https://serviceusage.googleapis.com/v1/projects/davidca-43b02/services/cloudfunctions.googleapis.com 200
[debug] [2025-01-09T11:28:07.205Z] <<< [apiv2][body] GET https://serviceusage.googleapis.com/v1/projects/davidca-43b02/services/cloudfunctions.googleapis.com [omitted]
[info] +  functions: required API cloudfunctions.googleapis.com is enabled 
[debug] [2025-01-09T11:28:07.206Z] Checked if tokens are valid: true, expires at: 1736424376777
[debug] [2025-01-09T11:28:07.206Z] Checked if tokens are valid: true, expires at: 1736424376777
[debug] [2025-01-09T11:28:07.206Z] >>> [apiv2][query] GET https://firebase.googleapis.com/v1beta1/projects/davidca-43b02/adminSdkConfig [none]
[debug] [2025-01-09T11:28:07.508Z] <<< [apiv2][status] GET https://firebase.googleapis.com/v1beta1/projects/davidca-43b02/adminSdkConfig 200
[debug] [2025-01-09T11:28:07.508Z] <<< [apiv2][body] GET https://firebase.googleapis.com/v1beta1/projects/davidca-43b02/adminSdkConfig {"projectId":"davidca-43b02","storageBucket":"davidca-43b02.firebasestorage.app"}
[debug] [2025-01-09T11:28:07.508Z] Checked if tokens are valid: true, expires at: 1736424376777
[debug] [2025-01-09T11:28:07.508Z] Checked if tokens are valid: true, expires at: 1736424376777
[debug] [2025-01-09T11:28:07.508Z] >>> [apiv2][query] GET https://runtimeconfig.googleapis.com/v1beta1/projects/davidca-43b02/configs [none]
[debug] [2025-01-09T11:28:07.815Z] <<< [apiv2][status] GET https://runtimeconfig.googleapis.com/v1beta1/projects/davidca-43b02/configs 200
[debug] [2025-01-09T11:28:07.815Z] <<< [apiv2][body] GET https://runtimeconfig.googleapis.com/v1beta1/projects/davidca-43b02/configs {"configs":[{"name":"projects/davidca-43b02/configs/sendgrid"}]}
[debug] [2025-01-09T11:28:07.816Z] Checked if tokens are valid: true, expires at: 1736424376777
[debug] [2025-01-09T11:28:07.816Z] Checked if tokens are valid: true, expires at: 1736424376777
[debug] [2025-01-09T11:28:07.816Z] >>> [apiv2][query] GET https://runtimeconfig.googleapis.com/v1beta1/projects/davidca-43b02/configs/sendgrid/variables [none]
[debug] [2025-01-09T11:28:08.031Z] <<< [apiv2][status] GET https://runtimeconfig.googleapis.com/v1beta1/projects/davidca-43b02/configs/sendgrid/variables 200
[debug] [2025-01-09T11:28:08.031Z] <<< [apiv2][body] GET https://runtimeconfig.googleapis.com/v1beta1/projects/davidca-43b02/configs/sendgrid/variables {"variables":[{"name":"projects/davidca-43b02/configs/sendgrid/variables/apikey","updateTime":"2025-01-09T11:08:42.893235893Z"}]}
[debug] [2025-01-09T11:28:08.031Z] Checked if tokens are valid: true, expires at: 1736424376777
[debug] [2025-01-09T11:28:08.031Z] Checked if tokens are valid: true, expires at: 1736424376777
[debug] [2025-01-09T11:28:08.031Z] >>> [apiv2][query] GET https://runtimeconfig.googleapis.com/v1beta1/projects/davidca-43b02/configs/sendgrid/variables/apikey [none]
[debug] [2025-01-09T11:28:08.748Z] <<< [apiv2][status] GET https://runtimeconfig.googleapis.com/v1beta1/projects/davidca-43b02/configs/sendgrid/variables/apikey 200
[debug] [2025-01-09T11:28:08.748Z] <<< [apiv2][body] GET https://runtimeconfig.googleapis.com/v1beta1/projects/davidca-43b02/configs/sendgrid/variables/apikey {"name":"projects/davidca-43b02/configs/sendgrid/variables/apikey","updateTime":"2025-01-09T11:08:42.893235893Z","text":"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"}
[debug] [2025-01-09T11:28:08.755Z] Validating nodejs source
[debug] [2025-01-09T11:28:12.716Z] > [functions] package.json contents: {
  "name": "functions",
  "scripts": {
    "lint": "eslint --ext .js,.ts .",
    "build": "tsc",
    "build:watch": "tsc --watch",
    "serve": "npm run build && firebase emulators:start --only functions",
    "shell": "npm run build && firebase functions:shell",
    "start": "npm run shell",
    "deploy": "firebase deploy --only functions",
    "logs": "firebase functions:log"
  },
  "engines": {
    "node": "22"
  },
  "main": "lib/index.js",
  "dependencies": {
    "@sendgrid/mail": "^8.1.4",
    "@types/express": "^5.0.0",
    "express": "^4.21.2",
    "firebase-admin": "^12.6.0",
    "firebase-functions": "^6.0.1"
  },
  "devDependencies": {
    "@typescript-eslint/eslint-plugin": "^5.12.0",
    "@typescript-eslint/parser": "^5.12.0",
    "eslint": "^8.9.0",
    "eslint-config-google": "^0.14.0",
    "eslint-plugin-import": "^2.25.4",
    "firebase-functions-test": "^3.1.0",
    "typescript": "^4.9.0"
  },
  "private": true
}
[debug] [2025-01-09T11:28:12.717Z] Building nodejs source
[info] i  functions: Loading and analyzing source code for codebase default to determine what to deploy 
[debug] [2025-01-09T11:28:12.719Z] Could not find functions.yaml. Must use http discovery
[debug] [2025-01-09T11:28:12.734Z] Found firebase-functions binary at 'F:\Escritorio\Cosas\my-mechanical-keyboards-portfolio\functions\node_modules\.bin\firebase-functions'
[info] Serving at port 8960

[error] node:events:496
      throw er; // Unhandled 'error' event
      ^

Error: listen EADDRINUSE: address already in use :::8960
    at Server.setupListenHandle [as _listen2] (node:net:1907:16)
    at listenInCluster (node:net:1964:12)
    at Server.listen (node:net:2066:7)
    at Function.listen (F:\Escritorio\Cosas\my-mechanical-keyboards-portfolio\functions\node_modules\express\lib\application.js:635:24)
    at Object.<anonymous> (F:\Escritorio\Cosas\my-mechanical-keyboards-portfolio\functions\lib\index.js:66:5)
    at Module._compile (node:internal/modules/cjs/loader:1546:14)
    at Object..js (node:internal/modules/cjs/loader:1689:10)
    at Module.load (node:internal/modules/cjs/loader:1318:32)
    at Function._load (node:internal/modules/cjs/loader:1128:12)
    at TracingChannel.traceSync (node:diagnostics_channel:315:14)
Emitted 'error' event on Server instance at:
    at emitErrorNT (node:net:1943:8)
    at process.processTicksAndRejections (node:internal/process/task_queues:90:21) {
  code: 'EADDRINUSE',
  errno: -4091,
  syscall: 'listen',
  address: '::',
  port: 8960
}

Node.js v22.11.0

[debug] [2025-01-09T11:28:16.958Z] Failed to call quitquitquit. This often means the server failed to start request to http://localhost:8960/__/quitquitquit failed, reason:  {"message":"request to http://localhost:8960/__/quitquitquit failed, reason: ","type":"system","errno":"ECONNREFUSED","code":"ECONNREFUSED"}
[debug] [2025-01-09T11:28:17.072Z] FetchError: request to http://127.0.0.1:8960/__/functions.yaml failed, reason: read ECONNRESET
    at ClientRequest.<anonymous> (C:\Users\srios\AppData\Roaming\npm\node_modules\firebase-tools\node_modules\node-fetch\lib\index.js:1501:11)
    at ClientRequest.emit (node:events:518:28)
    at ClientRequest.emit (node:domain:489:12)
    at emitErrorEvent (node:_http_client:103:11)
    at Socket.socketErrorListener (node:_http_client:506:5)
    at Socket.emit (node:events:518:28)
    at Socket.emit (node:domain:489:12)
    at emitErrorNT (node:internal/streams/destroy:170:8)
    at emitErrorCloseNT (node:internal/streams/destroy:129:3)
    at process.processTicksAndRejections (node:internal/process/task_queues:90:21)
[error] 
[error] Error: An unexpected error has occurred.
[debug] [2025-01-09T11:38:01.526Z] ----------------------------------------------------------------------
[debug] [2025-01-09T11:38:01.531Z] Command:       C:\Program Files\nodejs\node.exe C:\Users\srios\AppData\Roaming\npm\node_modules\firebase-tools\lib\bin\firebase.js deploy --only functions
[debug] [2025-01-09T11:38:01.531Z] CLI Version:   13.29.1
[debug] [2025-01-09T11:38:01.531Z] Platform:      win32
[debug] [2025-01-09T11:38:01.531Z] Node Version:  v22.11.0
[debug] [2025-01-09T11:38:01.532Z] Time:          Thu Jan 09 2025 12:38:01 GMT+0100 (hora est치ndar de Europa central)
[debug] [2025-01-09T11:38:01.532Z] ----------------------------------------------------------------------
[debug] 
[debug] [2025-01-09T11:38:01.608Z] > command requires scopes: ["email","openid","https://www.googleapis.com/auth/cloudplatformprojects.readonly","https://www.googleapis.com/auth/firebase","https://www.googleapis.com/auth/cloud-platform"]
[debug] [2025-01-09T11:38:01.608Z] > authorizing via signed-in user (davidcarmonaarrabal18@gmail.com)
[debug] [2025-01-09T11:38:01.608Z] [iam] checking project davidca-43b02 for permissions ["cloudfunctions.functions.create","cloudfunctions.functions.delete","cloudfunctions.functions.get","cloudfunctions.functions.list","cloudfunctions.functions.update","cloudfunctions.operations.get","firebase.projects.get"]
[debug] [2025-01-09T11:38:01.610Z] Checked if tokens are valid: true, expires at: 1736424376777
[debug] [2025-01-09T11:38:01.610Z] Checked if tokens are valid: true, expires at: 1736424376777
[debug] [2025-01-09T11:38:01.611Z] >>> [apiv2][query] POST https://cloudresourcemanager.googleapis.com/v1/projects/davidca-43b02:testIamPermissions [none]
[debug] [2025-01-09T11:38:01.611Z] >>> [apiv2][(partial)header] POST https://cloudresourcemanager.googleapis.com/v1/projects/davidca-43b02:testIamPermissions x-goog-quota-user=projects/davidca-43b02
[debug] [2025-01-09T11:38:01.611Z] >>> [apiv2][body] POST https://cloudresourcemanager.googleapis.com/v1/projects/davidca-43b02:testIamPermissions {"permissions":["cloudfunctions.functions.create","cloudfunctions.functions.delete","cloudfunctions.functions.get","cloudfunctions.functions.list","cloudfunctions.functions.update","cloudfunctions.operations.get","firebase.projects.get"]}
[debug] [2025-01-09T11:38:02.315Z] <<< [apiv2][status] POST https://cloudresourcemanager.googleapis.com/v1/projects/davidca-43b02:testIamPermissions 200
[debug] [2025-01-09T11:38:02.315Z] <<< [apiv2][body] POST https://cloudresourcemanager.googleapis.com/v1/projects/davidca-43b02:testIamPermissions {"permissions":["cloudfunctions.functions.create","cloudfunctions.functions.delete","cloudfunctions.functions.get","cloudfunctions.functions.list","cloudfunctions.functions.update","cloudfunctions.operations.get","firebase.projects.get"]}
[debug] [2025-01-09T11:38:02.315Z] Checked if tokens are valid: true, expires at: 1736424376777
[debug] [2025-01-09T11:38:02.315Z] Checked if tokens are valid: true, expires at: 1736424376777
[debug] [2025-01-09T11:38:02.315Z] >>> [apiv2][query] POST https://iam.googleapis.com/v1/projects/davidca-43b02/serviceAccounts/davidca-43b02@appspot.gserviceaccount.com:testIamPermissions [none]
[debug] [2025-01-09T11:38:02.315Z] >>> [apiv2][body] POST https://iam.googleapis.com/v1/projects/davidca-43b02/serviceAccounts/davidca-43b02@appspot.gserviceaccount.com:testIamPermissions {"permissions":["iam.serviceAccounts.actAs"]}
[debug] [2025-01-09T11:38:02.971Z] <<< [apiv2][status] POST https://iam.googleapis.com/v1/projects/davidca-43b02/serviceAccounts/davidca-43b02@appspot.gserviceaccount.com:testIamPermissions 200
[debug] [2025-01-09T11:38:02.971Z] <<< [apiv2][body] POST https://iam.googleapis.com/v1/projects/davidca-43b02/serviceAccounts/davidca-43b02@appspot.gserviceaccount.com:testIamPermissions {"permissions":["iam.serviceAccounts.actAs"]}
[info] 
[info] === Deploying to 'davidca-43b02'...
[info] 
[info] i  deploying functions 
[info] +  functions: Finished running predeploy script. 
[debug] [2025-01-09T11:38:02.974Z] Checked if tokens are valid: true, expires at: 1736424376777
[debug] [2025-01-09T11:38:02.975Z] Checked if tokens are valid: true, expires at: 1736424376777
[debug] [2025-01-09T11:38:02.975Z] >>> [apiv2][query] GET https://cloudresourcemanager.googleapis.com/v1/projects/davidca-43b02 [none]
[debug] [2025-01-09T11:38:03.144Z] <<< [apiv2][status] GET https://cloudresourcemanager.googleapis.com/v1/projects/davidca-43b02 200
[debug] [2025-01-09T11:38:03.144Z] <<< [apiv2][body] GET https://cloudresourcemanager.googleapis.com/v1/projects/davidca-43b02 {"projectNumber":"806524625937","projectId":"davidca-43b02","lifecycleState":"ACTIVE","name":"davidca","labels":{"firebase":"enabled","firebase-core":"disabled"},"createTime":"2024-12-26T11:55:22.806488Z"}
[info] i  functions: preparing codebase default for deployment 
[info] i  functions: ensuring required API cloudfunctions.googleapis.com is enabled... 
[debug] [2025-01-09T11:38:03.146Z] Checked if tokens are valid: true, expires at: 1736424376777
[debug] [2025-01-09T11:38:03.146Z] Checked if tokens are valid: true, expires at: 1736424376777
[debug] [2025-01-09T11:38:03.146Z] Checked if tokens are valid: true, expires at: 1736424376777
[debug] [2025-01-09T11:38:03.146Z] Checked if tokens are valid: true, expires at: 1736424376777
[info] i  functions: ensuring required API cloudbuild.googleapis.com is enabled... 
[debug] [2025-01-09T11:38:03.146Z] Checked if tokens are valid: true, expires at: 1736424376777
[debug] [2025-01-09T11:38:03.146Z] Checked if tokens are valid: true, expires at: 1736424376777
[info] i  artifactregistry: ensuring required API artifactregistry.googleapis.com is enabled... 
[debug] [2025-01-09T11:38:03.147Z] Checked if tokens are valid: true, expires at: 1736424376777
[debug] [2025-01-09T11:38:03.147Z] Checked if tokens are valid: true, expires at: 1736424376777
[debug] [2025-01-09T11:38:03.147Z] >>> [apiv2][query] GET https://serviceusage.googleapis.com/v1/projects/davidca-43b02/services/cloudfunctions.googleapis.com [none]
[debug] [2025-01-09T11:38:03.147Z] >>> [apiv2][(partial)header] GET https://serviceusage.googleapis.com/v1/projects/davidca-43b02/services/cloudfunctions.googleapis.com x-goog-quota-user=projects/davidca-43b02
[debug] [2025-01-09T11:38:03.148Z] >>> [apiv2][query] GET https://serviceusage.googleapis.com/v1/projects/davidca-43b02/services/runtimeconfig.googleapis.com [none]
[debug] [2025-01-09T11:38:03.148Z] >>> [apiv2][(partial)header] GET https://serviceusage.googleapis.com/v1/projects/davidca-43b02/services/runtimeconfig.googleapis.com x-goog-quota-user=projects/davidca-43b02
[debug] [2025-01-09T11:38:03.149Z] >>> [apiv2][query] GET https://serviceusage.googleapis.com/v1/projects/davidca-43b02/services/cloudbuild.googleapis.com [none]
[debug] [2025-01-09T11:38:03.149Z] >>> [apiv2][(partial)header] GET https://serviceusage.googleapis.com/v1/projects/davidca-43b02/services/cloudbuild.googleapis.com x-goog-quota-user=projects/davidca-43b02
[debug] [2025-01-09T11:38:03.150Z] >>> [apiv2][query] GET https://serviceusage.googleapis.com/v1/projects/davidca-43b02/services/artifactregistry.googleapis.com [none]
[debug] [2025-01-09T11:38:03.150Z] >>> [apiv2][(partial)header] GET https://serviceusage.googleapis.com/v1/projects/davidca-43b02/services/artifactregistry.googleapis.com x-goog-quota-user=projects/davidca-43b02
[debug] [2025-01-09T11:38:04.001Z] <<< [apiv2][status] GET https://serviceusage.googleapis.com/v1/projects/davidca-43b02/services/runtimeconfig.googleapis.com 200
[debug] [2025-01-09T11:38:04.001Z] <<< [apiv2][body] GET https://serviceusage.googleapis.com/v1/projects/davidca-43b02/services/runtimeconfig.googleapis.com [omitted]
[debug] [2025-01-09T11:38:04.002Z] <<< [apiv2][status] GET https://serviceusage.googleapis.com/v1/projects/davidca-43b02/services/cloudbuild.googleapis.com 200
[debug] [2025-01-09T11:38:04.002Z] <<< [apiv2][body] GET https://serviceusage.googleapis.com/v1/projects/davidca-43b02/services/cloudbuild.googleapis.com [omitted]
[info] +  functions: required API cloudbuild.googleapis.com is enabled 
[debug] [2025-01-09T11:38:04.003Z] <<< [apiv2][status] GET https://serviceusage.googleapis.com/v1/projects/davidca-43b02/services/artifactregistry.googleapis.com 200
[debug] [2025-01-09T11:38:04.003Z] <<< [apiv2][body] GET https://serviceusage.googleapis.com/v1/projects/davidca-43b02/services/artifactregistry.googleapis.com [omitted]
[info] +  artifactregistry: required API artifactregistry.googleapis.com is enabled 
[debug] [2025-01-09T11:38:04.014Z] <<< [apiv2][status] GET https://serviceusage.googleapis.com/v1/projects/davidca-43b02/services/cloudfunctions.googleapis.com 200
[debug] [2025-01-09T11:38:04.015Z] <<< [apiv2][body] GET https://serviceusage.googleapis.com/v1/projects/davidca-43b02/services/cloudfunctions.googleapis.com [omitted]
[info] +  functions: required API cloudfunctions.googleapis.com is enabled 
[debug] [2025-01-09T11:38:04.015Z] Checked if tokens are valid: true, expires at: 1736424376777
[debug] [2025-01-09T11:38:04.015Z] Checked if tokens are valid: true, expires at: 1736424376777
[debug] [2025-01-09T11:38:04.015Z] >>> [apiv2][query] GET https://firebase.googleapis.com/v1beta1/projects/davidca-43b02/adminSdkConfig [none]
[debug] [2025-01-09T11:38:04.291Z] <<< [apiv2][status] GET https://firebase.googleapis.com/v1beta1/projects/davidca-43b02/adminSdkConfig 200
[debug] [2025-01-09T11:38:04.291Z] <<< [apiv2][body] GET https://firebase.googleapis.com/v1beta1/projects/davidca-43b02/adminSdkConfig {"projectId":"davidca-43b02","storageBucket":"davidca-43b02.firebasestorage.app"}
[debug] [2025-01-09T11:38:04.291Z] Checked if tokens are valid: true, expires at: 1736424376777
[debug] [2025-01-09T11:38:04.291Z] Checked if tokens are valid: true, expires at: 1736424376777
[debug] [2025-01-09T11:38:04.291Z] >>> [apiv2][query] GET https://runtimeconfig.googleapis.com/v1beta1/projects/davidca-43b02/configs [none]
[debug] [2025-01-09T11:38:04.562Z] <<< [apiv2][status] GET https://runtimeconfig.googleapis.com/v1beta1/projects/davidca-43b02/configs 200
[debug] [2025-01-09T11:38:04.562Z] <<< [apiv2][body] GET https://runtimeconfig.googleapis.com/v1beta1/projects/davidca-43b02/configs {"configs":[{"name":"projects/davidca-43b02/configs/sendgrid"}]}
[debug] [2025-01-09T11:38:04.563Z] Checked if tokens are valid: true, expires at: 1736424376777
[debug] [2025-01-09T11:38:04.563Z] Checked if tokens are valid: true, expires at: 1736424376777
[debug] [2025-01-09T11:38:04.563Z] >>> [apiv2][query] GET https://runtimeconfig.googleapis.com/v1beta1/projects/davidca-43b02/configs/sendgrid/variables [none]
[debug] [2025-01-09T11:38:04.762Z] <<< [apiv2][status] GET https://runtimeconfig.googleapis.com/v1beta1/projects/davidca-43b02/configs/sendgrid/variables 200
[debug] [2025-01-09T11:38:04.762Z] <<< [apiv2][body] GET https://runtimeconfig.googleapis.com/v1beta1/projects/davidca-43b02/configs/sendgrid/variables {"variables":[{"name":"projects/davidca-43b02/configs/sendgrid/variables/apikey","updateTime":"2025-01-09T11:08:42.893235893Z"}]}
[debug] [2025-01-09T11:38:04.762Z] Checked if tokens are valid: true, expires at: 1736424376777
[debug] [2025-01-09T11:38:04.762Z] Checked if tokens are valid: true, expires at: 1736424376777
[debug] [2025-01-09T11:38:04.763Z] >>> [apiv2][query] GET https://runtimeconfig.googleapis.com/v1beta1/projects/davidca-43b02/configs/sendgrid/variables/apikey [none]
[debug] [2025-01-09T11:38:04.963Z] <<< [apiv2][status] GET https://runtimeconfig.googleapis.com/v1beta1/projects/davidca-43b02/configs/sendgrid/variables/apikey 200
[debug] [2025-01-09T11:38:04.964Z] <<< [apiv2][body] GET https://runtimeconfig.googleapis.com/v1beta1/projects/davidca-43b02/configs/sendgrid/variables/apikey {"name":"projects/davidca-43b02/configs/sendgrid/variables/apikey","updateTime":"2025-01-09T11:08:42.893235893Z","text":"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"}
[debug] [2025-01-09T11:38:04.968Z] Validating nodejs source
[debug] [2025-01-09T11:38:09.702Z] > [functions] package.json contents: {
  "name": "functions",
  "scripts": {
    "lint": "eslint --ext .js,.ts .",
    "build": "tsc",
    "build:watch": "tsc --watch",
    "serve": "npm run build && firebase emulators:start --only functions",
    "shell": "npm run build && firebase functions:shell",
    "start": "npm run shell",
    "deploy": "firebase deploy --only functions",
    "logs": "firebase functions:log"
  },
  "engines": {
    "node": "22"
  },
  "main": "lib/index.js",
  "dependencies": {
    "@sendgrid/mail": "^8.1.4",
    "@types/express": "^5.0.0",
    "express": "^4.21.2",
    "firebase-admin": "^12.6.0",
    "firebase-functions": "^6.0.1"
  },
  "devDependencies": {
    "@typescript-eslint/eslint-plugin": "^5.12.0",
    "@typescript-eslint/parser": "^5.12.0",
    "eslint": "^8.9.0",
    "eslint-config-google": "^0.14.0",
    "eslint-plugin-import": "^2.25.4",
    "firebase-functions-test": "^3.1.0",
    "typescript": "^4.9.0"
  },
  "private": true
}
[debug] [2025-01-09T11:38:09.702Z] Building nodejs source
[info] i  functions: Loading and analyzing source code for codebase default to determine what to deploy 
[debug] [2025-01-09T11:38:09.705Z] Could not find functions.yaml. Must use http discovery
[debug] [2025-01-09T11:38:09.722Z] Found firebase-functions binary at 'F:\Escritorio\Cosas\my-mechanical-keyboards-portfolio\functions\node_modules\.bin\firebase-functions'
[info] Serving at port 8252

[error] node:events:496
      throw er; // Unhandled 'error' event
      ^

Error: listen EADDRINUSE: address already in use :::8252
    at Server.setupListenHandle [as _listen2] (node:net:1907:16)
    at listenInCluster (node:net:1964:12)
    at Server.listen (node:net:2066:7)
    at Function.listen (F:\Escritorio\Cosas\my-mechanical-keyboards-portfolio\functions\node_modules\express\lib\application.js:635:24)
    at Object.<anonymous> (F:\Escritorio\Cosas\my-mechanical-keyboards-portfolio\functions\lib\index.js:66:5)
    at Module._compile (node:internal/modules/cjs/loader:1546:14)
    at Object..js (node:internal/modules/cjs/loader:1689:10)
    at Module.load (node:internal/modules/cjs/loader:1318:32)
    at Function._load (node:internal/modules/cjs/loader:1128:12)
    at TracingChannel.traceSync (node:diagnostics_channel:315:14)
Emitted 'error' event on Server instance at:
    at emitErrorNT (node:net:1943:8)
    at process.processTicksAndRejections (node:internal/process/task_queues:90:21) {
  code: 'EADDRINUSE',
  errno: -4091,
  syscall: 'listen',
  address: '::',
  port: 8252
}

Node.js v22.11.0

[debug] [2025-01-09T11:38:14.644Z] Failed to call quitquitquit. This often means the server failed to start request to http://localhost:8252/__/quitquitquit failed, reason:  {"message":"request to http://localhost:8252/__/quitquitquit failed, reason: ","type":"system","errno":"ECONNREFUSED","code":"ECONNREFUSED"}
[debug] [2025-01-09T11:38:14.765Z] FetchError: request to http://127.0.0.1:8252/__/functions.yaml failed, reason: read ECONNRESET
    at ClientRequest.<anonymous> (C:\Users\srios\AppData\Roaming\npm\node_modules\firebase-tools\node_modules\node-fetch\lib\index.js:1501:11)
    at ClientRequest.emit (node:events:518:28)
    at ClientRequest.emit (node:domain:489:12)
    at emitErrorEvent (node:_http_client:103:11)
    at Socket.socketErrorListener (node:_http_client:506:5)
    at Socket.emit (node:events:518:28)
    at Socket.emit (node:domain:489:12)
    at emitErrorNT (node:internal/streams/destroy:170:8)
    at emitErrorCloseNT (node:internal/streams/destroy:129:3)
    at process.processTicksAndRejections (node:internal/process/task_queues:90:21)
[error] 
[error] Error: An unexpected error has occurred.
