[debug] [2025-01-09T12:00:14.880Z] ----------------------------------------------------------------------
[debug] [2025-01-09T12:00:14.884Z] Command:       C:\Program Files\nodejs\node.exe C:\Users\srios\AppData\Roaming\npm\node_modules\firebase-tools\lib\bin\firebase.js deploy --only functions
[debug] [2025-01-09T12:00:14.884Z] CLI Version:   13.29.1
[debug] [2025-01-09T12:00:14.884Z] Platform:      win32
[debug] [2025-01-09T12:00:14.884Z] Node Version:  v22.11.0
[debug] [2025-01-09T12:00:14.884Z] Time:          Thu Jan 09 2025 13:00:14 GMT+0100 (hora estándar de Europa central)
[debug] [2025-01-09T12:00:14.884Z] ----------------------------------------------------------------------
[debug] 
[debug] [2025-01-09T12:00:14.955Z] > command requires scopes: ["email","openid","https://www.googleapis.com/auth/cloudplatformprojects.readonly","https://www.googleapis.com/auth/firebase","https://www.googleapis.com/auth/cloud-platform"]
[debug] [2025-01-09T12:00:14.956Z] > authorizing via signed-in user (davidcarmonaarrabal18@gmail.com)
[debug] [2025-01-09T12:00:14.956Z] [iam] checking project davidca-43b02 for permissions ["cloudfunctions.functions.create","cloudfunctions.functions.delete","cloudfunctions.functions.get","cloudfunctions.functions.list","cloudfunctions.functions.update","cloudfunctions.operations.get","firebase.projects.get"]
[debug] [2025-01-09T12:00:14.959Z] Checked if tokens are valid: true, expires at: 1736427141262
[debug] [2025-01-09T12:00:14.959Z] Checked if tokens are valid: true, expires at: 1736427141262
[debug] [2025-01-09T12:00:14.960Z] >>> [apiv2][query] POST https://cloudresourcemanager.googleapis.com/v1/projects/davidca-43b02:testIamPermissions [none]
[debug] [2025-01-09T12:00:14.961Z] >>> [apiv2][(partial)header] POST https://cloudresourcemanager.googleapis.com/v1/projects/davidca-43b02:testIamPermissions x-goog-quota-user=projects/davidca-43b02
[debug] [2025-01-09T12:00:14.961Z] >>> [apiv2][body] POST https://cloudresourcemanager.googleapis.com/v1/projects/davidca-43b02:testIamPermissions {"permissions":["cloudfunctions.functions.create","cloudfunctions.functions.delete","cloudfunctions.functions.get","cloudfunctions.functions.list","cloudfunctions.functions.update","cloudfunctions.operations.get","firebase.projects.get"]}
[debug] [2025-01-09T12:00:15.665Z] <<< [apiv2][status] POST https://cloudresourcemanager.googleapis.com/v1/projects/davidca-43b02:testIamPermissions 200
[debug] [2025-01-09T12:00:15.665Z] <<< [apiv2][body] POST https://cloudresourcemanager.googleapis.com/v1/projects/davidca-43b02:testIamPermissions {"permissions":["cloudfunctions.functions.create","cloudfunctions.functions.delete","cloudfunctions.functions.get","cloudfunctions.functions.list","cloudfunctions.functions.update","cloudfunctions.operations.get","firebase.projects.get"]}
[debug] [2025-01-09T12:00:15.666Z] Checked if tokens are valid: true, expires at: 1736427141262
[debug] [2025-01-09T12:00:15.666Z] Checked if tokens are valid: true, expires at: 1736427141262
[debug] [2025-01-09T12:00:15.666Z] >>> [apiv2][query] POST https://iam.googleapis.com/v1/projects/davidca-43b02/serviceAccounts/davidca-43b02@appspot.gserviceaccount.com:testIamPermissions [none]
[debug] [2025-01-09T12:00:15.666Z] >>> [apiv2][body] POST https://iam.googleapis.com/v1/projects/davidca-43b02/serviceAccounts/davidca-43b02@appspot.gserviceaccount.com:testIamPermissions {"permissions":["iam.serviceAccounts.actAs"]}
[debug] [2025-01-09T12:00:16.330Z] <<< [apiv2][status] POST https://iam.googleapis.com/v1/projects/davidca-43b02/serviceAccounts/davidca-43b02@appspot.gserviceaccount.com:testIamPermissions 200
[debug] [2025-01-09T12:00:16.330Z] <<< [apiv2][body] POST https://iam.googleapis.com/v1/projects/davidca-43b02/serviceAccounts/davidca-43b02@appspot.gserviceaccount.com:testIamPermissions {"permissions":["iam.serviceAccounts.actAs"]}
[info] 
[info] === Deploying to 'davidca-43b02'...
[info] 
[info] i  deploying functions 
[debug] [2025-01-09T12:00:16.332Z] Checked if tokens are valid: true, expires at: 1736427141262
[debug] [2025-01-09T12:00:16.332Z] Checked if tokens are valid: true, expires at: 1736427141262
[debug] [2025-01-09T12:00:16.332Z] >>> [apiv2][query] GET https://cloudresourcemanager.googleapis.com/v1/projects/davidca-43b02 [none]
[debug] [2025-01-09T12:00:16.516Z] <<< [apiv2][status] GET https://cloudresourcemanager.googleapis.com/v1/projects/davidca-43b02 200
[debug] [2025-01-09T12:00:16.516Z] <<< [apiv2][body] GET https://cloudresourcemanager.googleapis.com/v1/projects/davidca-43b02 {"projectNumber":"806524625937","projectId":"davidca-43b02","lifecycleState":"ACTIVE","name":"davidca","labels":{"firebase":"enabled","firebase-core":"disabled"},"createTime":"2024-12-26T11:55:22.806488Z"}
[info] i  functions: preparing codebase default for deployment 
[info] i  functions: ensuring required API cloudfunctions.googleapis.com is enabled... 
[debug] [2025-01-09T12:00:16.517Z] Checked if tokens are valid: true, expires at: 1736427141262
[debug] [2025-01-09T12:00:16.517Z] Checked if tokens are valid: true, expires at: 1736427141262
[debug] [2025-01-09T12:00:16.518Z] Checked if tokens are valid: true, expires at: 1736427141262
[debug] [2025-01-09T12:00:16.518Z] Checked if tokens are valid: true, expires at: 1736427141262
[info] i  functions: ensuring required API cloudbuild.googleapis.com is enabled... 
[debug] [2025-01-09T12:00:16.518Z] Checked if tokens are valid: true, expires at: 1736427141262
[debug] [2025-01-09T12:00:16.518Z] Checked if tokens are valid: true, expires at: 1736427141262
[info] i  artifactregistry: ensuring required API artifactregistry.googleapis.com is enabled... 
[debug] [2025-01-09T12:00:16.518Z] Checked if tokens are valid: true, expires at: 1736427141262
[debug] [2025-01-09T12:00:16.518Z] Checked if tokens are valid: true, expires at: 1736427141262
[debug] [2025-01-09T12:00:16.518Z] >>> [apiv2][query] GET https://serviceusage.googleapis.com/v1/projects/davidca-43b02/services/cloudfunctions.googleapis.com [none]
[debug] [2025-01-09T12:00:16.518Z] >>> [apiv2][(partial)header] GET https://serviceusage.googleapis.com/v1/projects/davidca-43b02/services/cloudfunctions.googleapis.com x-goog-quota-user=projects/davidca-43b02
[debug] [2025-01-09T12:00:16.520Z] >>> [apiv2][query] GET https://serviceusage.googleapis.com/v1/projects/davidca-43b02/services/runtimeconfig.googleapis.com [none]
[debug] [2025-01-09T12:00:16.520Z] >>> [apiv2][(partial)header] GET https://serviceusage.googleapis.com/v1/projects/davidca-43b02/services/runtimeconfig.googleapis.com x-goog-quota-user=projects/davidca-43b02
[debug] [2025-01-09T12:00:16.521Z] >>> [apiv2][query] GET https://serviceusage.googleapis.com/v1/projects/davidca-43b02/services/cloudbuild.googleapis.com [none]
[debug] [2025-01-09T12:00:16.521Z] >>> [apiv2][(partial)header] GET https://serviceusage.googleapis.com/v1/projects/davidca-43b02/services/cloudbuild.googleapis.com x-goog-quota-user=projects/davidca-43b02
[debug] [2025-01-09T12:00:16.522Z] >>> [apiv2][query] GET https://serviceusage.googleapis.com/v1/projects/davidca-43b02/services/artifactregistry.googleapis.com [none]
[debug] [2025-01-09T12:00:16.522Z] >>> [apiv2][(partial)header] GET https://serviceusage.googleapis.com/v1/projects/davidca-43b02/services/artifactregistry.googleapis.com x-goog-quota-user=projects/davidca-43b02
[debug] [2025-01-09T12:00:17.332Z] <<< [apiv2][status] GET https://serviceusage.googleapis.com/v1/projects/davidca-43b02/services/cloudfunctions.googleapis.com 200
[debug] [2025-01-09T12:00:17.332Z] <<< [apiv2][body] GET https://serviceusage.googleapis.com/v1/projects/davidca-43b02/services/cloudfunctions.googleapis.com [omitted]
[info] +  functions: required API cloudfunctions.googleapis.com is enabled 
[debug] [2025-01-09T12:00:17.334Z] <<< [apiv2][status] GET https://serviceusage.googleapis.com/v1/projects/davidca-43b02/services/runtimeconfig.googleapis.com 200
[debug] [2025-01-09T12:00:17.334Z] <<< [apiv2][body] GET https://serviceusage.googleapis.com/v1/projects/davidca-43b02/services/runtimeconfig.googleapis.com [omitted]
[debug] [2025-01-09T12:00:17.352Z] <<< [apiv2][status] GET https://serviceusage.googleapis.com/v1/projects/davidca-43b02/services/artifactregistry.googleapis.com 200
[debug] [2025-01-09T12:00:17.352Z] <<< [apiv2][body] GET https://serviceusage.googleapis.com/v1/projects/davidca-43b02/services/artifactregistry.googleapis.com [omitted]
[info] +  artifactregistry: required API artifactregistry.googleapis.com is enabled 
[debug] [2025-01-09T12:00:17.353Z] <<< [apiv2][status] GET https://serviceusage.googleapis.com/v1/projects/davidca-43b02/services/cloudbuild.googleapis.com 200
[debug] [2025-01-09T12:00:17.353Z] <<< [apiv2][body] GET https://serviceusage.googleapis.com/v1/projects/davidca-43b02/services/cloudbuild.googleapis.com [omitted]
[info] +  functions: required API cloudbuild.googleapis.com is enabled 
[debug] [2025-01-09T12:00:17.354Z] Checked if tokens are valid: true, expires at: 1736427141262
[debug] [2025-01-09T12:00:17.354Z] Checked if tokens are valid: true, expires at: 1736427141262
[debug] [2025-01-09T12:00:17.354Z] >>> [apiv2][query] GET https://firebase.googleapis.com/v1beta1/projects/davidca-43b02/adminSdkConfig [none]
[debug] [2025-01-09T12:00:17.739Z] <<< [apiv2][status] GET https://firebase.googleapis.com/v1beta1/projects/davidca-43b02/adminSdkConfig 200
[debug] [2025-01-09T12:00:17.739Z] <<< [apiv2][body] GET https://firebase.googleapis.com/v1beta1/projects/davidca-43b02/adminSdkConfig {"projectId":"davidca-43b02","storageBucket":"davidca-43b02.firebasestorage.app"}
[debug] [2025-01-09T12:00:17.739Z] Checked if tokens are valid: true, expires at: 1736427141262
[debug] [2025-01-09T12:00:17.739Z] Checked if tokens are valid: true, expires at: 1736427141262
[debug] [2025-01-09T12:00:17.740Z] >>> [apiv2][query] GET https://runtimeconfig.googleapis.com/v1beta1/projects/davidca-43b02/configs [none]
[debug] [2025-01-09T12:00:18.001Z] <<< [apiv2][status] GET https://runtimeconfig.googleapis.com/v1beta1/projects/davidca-43b02/configs 200
[debug] [2025-01-09T12:00:18.001Z] <<< [apiv2][body] GET https://runtimeconfig.googleapis.com/v1beta1/projects/davidca-43b02/configs {"configs":[{"name":"projects/davidca-43b02/configs/sendgrid"}]}
[debug] [2025-01-09T12:00:18.002Z] Checked if tokens are valid: true, expires at: 1736427141262
[debug] [2025-01-09T12:00:18.002Z] Checked if tokens are valid: true, expires at: 1736427141262
[debug] [2025-01-09T12:00:18.002Z] >>> [apiv2][query] GET https://runtimeconfig.googleapis.com/v1beta1/projects/davidca-43b02/configs/sendgrid/variables [none]
[debug] [2025-01-09T12:00:18.197Z] <<< [apiv2][status] GET https://runtimeconfig.googleapis.com/v1beta1/projects/davidca-43b02/configs/sendgrid/variables 200
[debug] [2025-01-09T12:00:18.198Z] <<< [apiv2][body] GET https://runtimeconfig.googleapis.com/v1beta1/projects/davidca-43b02/configs/sendgrid/variables {"variables":[{"name":"projects/davidca-43b02/configs/sendgrid/variables/apikey","updateTime":"2025-01-09T12:00:01.578627950Z"}]}
[debug] [2025-01-09T12:00:18.198Z] Checked if tokens are valid: true, expires at: 1736427141262
[debug] [2025-01-09T12:00:18.198Z] Checked if tokens are valid: true, expires at: 1736427141262
[debug] [2025-01-09T12:00:18.198Z] >>> [apiv2][query] GET https://runtimeconfig.googleapis.com/v1beta1/projects/davidca-43b02/configs/sendgrid/variables/apikey [none]
[debug] [2025-01-09T12:00:18.383Z] <<< [apiv2][status] GET https://runtimeconfig.googleapis.com/v1beta1/projects/davidca-43b02/configs/sendgrid/variables/apikey 200
[debug] [2025-01-09T12:00:18.383Z] <<< [apiv2][body] GET https://runtimeconfig.googleapis.com/v1beta1/projects/davidca-43b02/configs/sendgrid/variables/apikey {"name":"projects/davidca-43b02/configs/sendgrid/variables/apikey","updateTime":"2025-01-09T12:00:01.578627950Z","text":"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"}
[debug] [2025-01-09T12:00:18.385Z] Validating nodejs source
[debug] [2025-01-09T12:00:23.626Z] > [functions] package.json contents: {
  "name": "functions",
  "scripts": {
    "lint": "eslint --ext .js,.ts .",
    "build": "tsc",
    "build:watch": "tsc --watch",
    "serve": "npm run build && firebase emulators:start --only functions",
    "shell": "npm run build && firebase functions:shell",
    "start": "npm run shell",
    "deploy": "firebase deploy --only functions",
    "logs": "firebase functions:log"
  },
  "engines": {
    "node": "22"
  },
  "main": "lib/index.js",
  "dependencies": {
    "@sendgrid/mail": "^8.1.4",
    "@types/express": "^5.0.0",
    "express": "^4.21.2",
    "firebase-admin": "^12.6.0",
    "firebase-functions": "^6.2.0"
  },
  "devDependencies": {
    "@typescript-eslint/eslint-plugin": "^5.12.0",
    "@typescript-eslint/parser": "^5.12.0",
    "eslint": "^8.9.0",
    "eslint-config-google": "^0.14.0",
    "eslint-plugin-import": "^2.25.4",
    "firebase-functions-test": "^3.1.0",
    "typescript": "^4.9.0"
  },
  "private": true
}
[debug] [2025-01-09T12:00:23.626Z] Building nodejs source
[info] i  functions: Loading and analyzing source code for codebase default to determine what to deploy 
[debug] [2025-01-09T12:00:23.628Z] Could not find functions.yaml. Must use http discovery
[debug] [2025-01-09T12:00:23.647Z] Found firebase-functions binary at 'F:\Escritorio\Cosas\my-mechanical-keyboards-portfolio\functions\node_modules\.bin\firebase-functions'
[info] Serving at port 8857

[error] node:events:496
      throw er; // Unhandled 'error' event
      ^

Error: listen EADDRINUSE: address already in use :::8857
    at Server.setupListenHandle [as _listen2] (node:net:1907:16)
    at listenInCluster (node:net:1964:12)
    at Server.listen (node:net:2066:7)
    at Function.listen (F:\Escritorio\Cosas\my-mechanical-keyboards-portfolio\functions\node_modules\express\lib\application.js:635:24)
    at Object.<anonymous> (F:\Escritorio\Cosas\my-mechanical-keyboards-portfolio\functions\lib\index.js:66:5)
    at Module._compile (node:internal/modules/cjs/loader:1546:14)
    at Object..js (node:internal/modules/cjs/loader:1689:10)
    at Module.load (node:internal/modules/cjs/loader:1318:32)
    at Function._load (node:internal/modules/cjs/loader:1128:12)
    at TracingChannel.traceSync (node:diagnostics_channel:315:14)
Emitted 'error' event on Server instance at:
    at emitErrorNT (node:net:1943:8)
    at process.processTicksAndRejections (node:internal/process/task_queues:90:21) {
  code: 'EADDRINUSE',
  errno: -4091,
  syscall: 'listen',
  address: '::',
  port: 8857
}

Node.js v22.11.0

[debug] [2025-01-09T12:00:28.827Z] Failed to call quitquitquit. This often means the server failed to start request to http://localhost:8857/__/quitquitquit failed, reason:  {"message":"request to http://localhost:8857/__/quitquitquit failed, reason: ","type":"system","errno":"ECONNREFUSED","code":"ECONNREFUSED"}
[debug] [2025-01-09T12:00:28.948Z] FetchError: request to http://127.0.0.1:8857/__/functions.yaml failed, reason: read ECONNRESET
    at ClientRequest.<anonymous> (C:\Users\srios\AppData\Roaming\npm\node_modules\firebase-tools\node_modules\node-fetch\lib\index.js:1501:11)
    at ClientRequest.emit (node:events:518:28)
    at ClientRequest.emit (node:domain:489:12)
    at emitErrorEvent (node:_http_client:103:11)
    at Socket.socketErrorListener (node:_http_client:506:5)
    at Socket.emit (node:events:518:28)
    at Socket.emit (node:domain:489:12)
    at emitErrorNT (node:internal/streams/destroy:170:8)
    at emitErrorCloseNT (node:internal/streams/destroy:129:3)
    at process.processTicksAndRejections (node:internal/process/task_queues:90:21)
[error] 
[error] Error: An unexpected error has occurred.
